<?xml version="1.0" encoding="UTF-8"?>
<!-- Generated by org.testng.reporters.JUnitReportReporter -->
<testsuite hostname="Ganeshrams-MacBook-Pro.local" name="com.msci.benchmark.aggragator.service.test.TestBenchmarkClientMngmtService" tests="1" failures="0" timestamp="15 Sep 2015 19:06:00 GMT" time="0.720" errors="0">
  <testcase name="createClient" time="0.720" classname="com.msci.benchmark.aggragator.service.test.TestBenchmarkClientMngmtService"/>
</testsuite> <!-- com.msci.benchmark.aggragator.service.test.TestBenchmarkClientMngmtService -->
