<?xml version="1.0" encoding="UTF-8"?>
<!-- Generated by org.testng.reporters.JUnitReportReporter -->
<testsuite hostname="Ganeshrams-MacBook-Pro.local" name="com.msci.benchmark.aggragator.service.test.SimpleInjectorTest" tests="1" failures="1" timestamp="15 Sep 2015 19:35:09 GMT" time="0.206" errors="0">
  <testcase name="assertPrimaryServiceInjecton" time="0.206" classname="com.msci.benchmark.aggragator.service.test.SimpleInjectorTest">
    <failure type="java.lang.AssertionError" message="ServiceLocatorUtilities.enableTopicDistribution method has been removed, use ExtrasUtilities.enableTopicDistribution">
      <![CDATA[java.lang.AssertionError: ServiceLocatorUtilities.enableTopicDistribution method has been removed, use ExtrasUtilities.enableTopicDistribution
	at org.glassfish.hk2.utilities.ServiceLocatorUtilities.enableTopicDistribution(ServiceLocatorUtilities.java:895)
	at org.jvnet.testing.hk2testng.HK2TestListenerAdapter.initializeServiceLocator(HK2TestListenerAdapter.java:119)
	at org.jvnet.testing.hk2testng.HK2TestListenerAdapter.injectTestInstance(HK2TestListenerAdapter.java:145)
	at org.jvnet.testing.hk2testng.HK2TestListenerAdapter.run(HK2TestListenerAdapter.java:84)
	at org.testng.internal.MethodInvocationHelper.invokeHookable(MethodInvocationHelper.java:208)
	at org.testng.internal.Invoker.invokeMethod(Invoker.java:635)
	at org.testng.internal.Invoker.invokeTestMethod(Invoker.java:821)
	at org.testng.internal.Invoker.invokeTestMethods(Invoker.java:1131)
	at org.testng.internal.TestMethodWorker.invokeTestMethods(TestMethodWorker.java:124)
	at org.testng.internal.TestMethodWorker.run(TestMethodWorker.java:108)
	at org.testng.TestRunner.privateRun(TestRunner.java:773)
	at org.testng.TestRunner.run(TestRunner.java:623)
	at org.testng.SuiteRunner.runTest(SuiteRunner.java:357)
	at org.testng.SuiteRunner.runSequentially(SuiteRunner.java:352)
	at org.testng.SuiteRunner.privateRun(SuiteRunner.java:310)
	at org.testng.SuiteRunner.run(SuiteRunner.java:259)
	at org.testng.SuiteRunnerWorker.runSuite(SuiteRunnerWorker.java:52)
	at org.testng.SuiteRunnerWorker.run(SuiteRunnerWorker.java:86)
	at org.testng.TestNG.runSuitesSequentially(TestNG.java:1185)
	at org.testng.TestNG.runSuitesLocally(TestNG.java:1110)
	at org.testng.TestNG.run(TestNG.java:1018)
	at org.testng.remote.RemoteTestNG.run(RemoteTestNG.java:111)
	at org.testng.remote.RemoteTestNG.initAndRun(RemoteTestNG.java:204)
	at org.testng.remote.RemoteTestNG.main(RemoteTestNG.java:175)
]]>
    </failure>
  </testcase> <!-- assertPrimaryServiceInjecton -->
</testsuite> <!-- com.msci.benchmark.aggragator.service.test.SimpleInjectorTest -->
